<?xml version="1.0" encoding="UTF-8"?>
<!-- Generated by org.testng.reporters.JUnitXMLReporter -->
<testsuite ignored="2" hostname="mukeshs-MacBook-Air.local" failures="0" tests="2" name="Default test-0" time="105.151" errors="0" timestamp="16 Jan 2025 19:17:37 GMT">
  <testcase classname="com.browserstack.tests.AssignmentTests" name="websiteTextValidationTest" time="9.886"/>
  <testcase classname="com.browserstack.tests.AssignmentTests" name="printFirstFiveArticleTextsTest" time="15.118"/>
  <testcase classname="com.browserstack.tests.AssignmentTests" name="translateToEnglishAndPrintTest" time="0.0">
    <ignored/>
  </testcase> <!-- translateToEnglishAndPrintTest -->
  <testcase classname="com.browserstack.tests.AssignmentTests" name="analyzeTranslatedHeaders" time="0.0">
    <ignored/>
  </testcase> <!-- analyzeTranslatedHeaders -->
</testsuite> <!-- Default test-0 -->
