<?xml version="1.0" encoding="UTF-8"?>
<!-- Generated by org.testng.reporters.JUnitXMLReporter -->
<testsuite ignored="2" hostname="mukeshs-MacBook-Air.local" failures="0" tests="2" name="Default test-1" time="54.635" errors="0" timestamp="16 Jan 2025 19:16:47 GMT">
  <testcase classname="com.browserstack.tests.AssignmentTests" name="websiteTextValidationTest" time="0.161"/>
  <testcase classname="com.browserstack.tests.AssignmentTests" name="printFirstFiveArticleTextsTest" time="0.572"/>
  <testcase classname="com.browserstack.tests.AssignmentTests" name="translateToEnglishAndPrintTest" time="0.0">
    <ignored/>
  </testcase> <!-- translateToEnglishAndPrintTest -->
  <testcase classname="com.browserstack.tests.AssignmentTests" name="analyzeTranslatedHeaders" time="0.0">
    <ignored/>
  </testcase> <!-- analyzeTranslatedHeaders -->
</testsuite> <!-- Default test-1 -->
