<?xml version="1.0" encoding="UTF-8"?>
<!-- Generated by org.testng.reporters.JUnitXMLReporter -->
<testsuite ignored="2" hostname="mukeshs-MacBook-Air.local" failures="0" tests="2" name="Default test" time="202.616" errors="0" timestamp="17 Jan 2025 03:27:52 GMT">
  <testcase classname="com.browserstack.tests.AssignmentTests" name="websiteTextValidationTest" time="29.266"/>
  <testcase classname="com.browserstack.tests.AssignmentTests" name="printFirstFiveArticleTextsTest" time="83.602"/>
  <testcase classname="com.browserstack.tests.AssignmentTests" name="translateToEnglishAndPrintTest" time="0.0">
    <ignored/>
  </testcase> <!-- translateToEnglishAndPrintTest -->
  <testcase classname="com.browserstack.tests.AssignmentTests" name="analyzeTranslatedHeaders" time="0.0">
    <ignored/>
  </testcase> <!-- analyzeTranslatedHeaders -->
</testsuite> <!-- Default test -->
