<?xml version="1.0" encoding="UTF-8"?>
<!-- Generated by org.testng.reporters.JUnitXMLReporter -->
<testsuite ignored="0" hostname="mukeshs-MacBook-Air.local" failures="2" tests="4" name="Test" time="440.785" errors="0" timestamp="16 Jan 2025 15:45:18 GMT">
  <testcase classname="com.browserstack.tests.AssignmentTests" name="websiteTextValidationTest" time="28.467"/>
  <testcase classname="com.browserstack.tests.AssignmentTests" name="printFirstFiveArticleTextsTest" time="73.993"/>
  <testcase classname="com.browserstack.tests.AssignmentTests" name="translateToEnglishAndPrintTest" time="74.72">
    <failure type="java.lang.Exception" message="Failed to get translation: Server returned HTTP response code: 429 for URL: https://rapid-translate-multi-traduction.p.rapidapi.com/t">
      <![CDATA[java.lang.Exception: Failed to get translation: Server returned HTTP response code: 429 for URL: https://rapid-translate-multi-traduction.p.rapidapi.com/t
	at com.browserstack.utils.TranslationAPI.getTranslation(TranslationAPI.java:83)
	at com.browserstack.tests.AssignmentTests.translateToEnglishAndPrintTest(AssignmentTests.java:67)
... Removed 25 stack frames]]>
    </failure>
  </testcase> <!-- translateToEnglishAndPrintTest -->
  <testcase classname="com.browserstack.tests.AssignmentTests" name="analyzeTranslatedHeaders" time="85.129">
    <failure type="java.lang.Exception" message="Failed to get translation: Server returned HTTP response code: 429 for URL: https://rapid-translate-multi-traduction.p.rapidapi.com/t">
      <![CDATA[java.lang.Exception: Failed to get translation: Server returned HTTP response code: 429 for URL: https://rapid-translate-multi-traduction.p.rapidapi.com/t
	at com.browserstack.utils.TranslationAPI.getTranslation(TranslationAPI.java:83)
	at com.browserstack.tests.AssignmentTests.analyzeTranslatedHeaders(AssignmentTests.java:91)
... Removed 25 stack frames]]>
    </failure>
  </testcase> <!-- analyzeTranslatedHeaders -->
</testsuite> <!-- Test -->
