<?xml version="1.0" encoding="UTF-8"?>
<testsuite xmlns:xsi="http://www.w3.org/2001/XMLSchema-instance" xsi:noNamespaceSchemaLocation="https://maven.apache.org/surefire/maven-surefire-plugin/xsd/surefire-test-report.xsd" version="3.0.1" name="com.browserstack.tests.AssignmentTests" time="399.392" tests="19" errors="0" skipped="12" failures="2">
  <properties>
[...]
</properties>
  <testcase name="websiteTextValidationTest" classname="com.browserstack.tests.AssignmentTests" time="5.22">
    <system-err><![CDATA[SLF4J(W): No SLF4J providers were found.
SLF4J(W): Defaulting to no-operation (NOP) logger implementation
SLF4J(W): See https://www.slf4j.org/codes.html#noProviders for further details.
Jan 17, 2025 4:21:15 PM org.openqa.selenium.devtools.CdpVersionFinder findNearestMatch
WARNING: Unable to find CDP implementation matching 15
Jan 17, 2025 4:21:15 PM org.openqa.selenium.chromium.ChromiumDriver lambda$new$5
WARNING: Unable to find version of CDP to use for 15.6.1. You may need to include a dependency on a specific version of the CDP using something similar to `org.seleniumhq.selenium:selenium-devtools-v86:4.25.0` where the version ("v86") matches the version of the chromium-based browser you're using and the version number of the artifact is the same as Selenium's.
Jan 17, 2025 4:21:20 PM org.openqa.selenium.devtools.CdpEndpointFinder getCdpEndPoint
WARNING: Unable to connect to determine websocket url: java.net.ConnectException
Jan 17, 2025 4:21:20 PM org.openqa.selenium.devtools.CdpVersionFinder findNearestMatch
WARNING: Unable to find an exact match for CDP version 131, returning the closest version; found: 129; Please update to a Selenium version that supports CDP version 131
Jan 17, 2025 4:21:27 PM org.openqa.selenium.chromium.ChromiumDriver lambda$new$5
WARNING: Unable to find version of CDP to use for null. You may need to include a dependency on a specific version of the CDP using something similar to `org.seleniumhq.selenium:selenium-devtools-v86:4.25.0` where the version ("v86") matches the version of the chromium-based browser you're using and the version number of the artifact is the same as Selenium's.
]]></system-err>
  </testcase>
  <testcase name="websiteTextValidationTest" classname="com.browserstack.tests.AssignmentTests" time="0.0">
    <skipped message="class java.util.LinkedHashMap cannot be cast to class org.openqa.selenium.WebElement (java.util.LinkedHashMap is in module java.base of loader &apos;bootstrap&apos;; org.openqa.selenium.WebElement is in unnamed module of loader &apos;app&apos;)"/>
  </testcase>
  <testcase name="websiteTextValidationTest" classname="com.browserstack.tests.AssignmentTests" time="0.561"/>
  <testcase name="setup" classname="com.browserstack.tests.AssignmentTests" time="22.763">
    <failure message="class java.util.LinkedHashMap cannot be cast to class org.openqa.selenium.WebElement (java.util.LinkedHashMap is in module java.base of loader &apos;bootstrap&apos;; org.openqa.selenium.WebElement is in unnamed module of loader &apos;app&apos;)" type="java.lang.ClassCastException"><![CDATA[java.lang.ClassCastException: class java.util.LinkedHashMap cannot be cast to class org.openqa.selenium.WebElement (java.util.LinkedHashMap is in module java.base of loader 'bootstrap'; org.openqa.selenium.WebElement is in unnamed module of loader 'app')
	at org.openqa.selenium.remote.ElementLocation$ElementFinder$2.findElement(ElementLocation.java:166)
	at org.openqa.selenium.remote.ElementLocation.findElement(ElementLocation.java:59)
	at org.openqa.selenium.remote.RemoteWebDriver.findElement(RemoteWebDriver.java:368)
	at org.openqa.selenium.remote.RemoteWebDriver.findElement(RemoteWebDriver.java:362)
	at org.openqa.selenium.support.pagefactory.DefaultElementLocator.findElement(DefaultElementLocator.java:68)
	at org.openqa.selenium.support.pagefactory.internal.LocatingElementHandler.invoke(LocatingElementHandler.java:38)
	at jdk.proxy2/jdk.proxy2.$Proxy31.isDisplayed(Unknown Source)
	at org.openqa.selenium.support.ui.ExpectedConditions.elementIfVisible(ExpectedConditions.java:304)
	at org.openqa.selenium.support.ui.ExpectedConditions$10.apply(ExpectedConditions.java:290)
	at org.openqa.selenium.support.ui.ExpectedConditions$10.apply(ExpectedConditions.java:287)
	at org.openqa.selenium.support.ui.ExpectedConditions$23.apply(ExpectedConditions.java:656)
	at org.openqa.selenium.support.ui.ExpectedConditions$23.apply(ExpectedConditions.java:652)
	at org.openqa.selenium.support.ui.FluentWait.until(FluentWait.java:203)
	at com.browserstack.page.HomePage.acceptCookies(HomePage.java:38)
	at com.browserstack.tests.AssignmentTests.setup(AssignmentTests.java:29)
	at java.base/jdk.internal.reflect.DirectMethodHandleAccessor.invoke(DirectMethodHandleAccessor.java:103)
	at java.base/java.lang.reflect.Method.invoke(Method.java:580)
	at org.testng.internal.MethodInvocationHelper.invokeMethod(MethodInvocationHelper.java:108)
	at org.testng.internal.Invoker.invokeConfigurationMethod(Invoker.java:523)
	at org.testng.internal.Invoker.invokeConfigurations(Invoker.java:224)
	at org.testng.internal.Invoker.invokeMethod(Invoker.java:599)
	at org.testng.internal.Invoker.invokeTestMethod(Invoker.java:869)
	at org.testng.internal.Invoker.invokeTestMethods(Invoker.java:1193)
	at org.testng.internal.TestMethodWorker.invokeTestMethods(TestMethodWorker.java:126)
	at org.testng.internal.TestMethodWorker.run(TestMethodWorker.java:109)
	at org.testng.TestRunner.privateRun(TestRunner.java:744)
	at org.testng.TestRunner.run(TestRunner.java:602)
	at org.testng.SuiteRunner.runTest(SuiteRunner.java:380)
	at org.testng.SuiteRunner.access$000(SuiteRunner.java:39)
	at org.testng.SuiteRunner$SuiteWorker.run(SuiteRunner.java:414)
	at org.testng.internal.thread.ThreadUtil$1.call(ThreadUtil.java:52)
	at java.base/java.util.concurrent.FutureTask.run(FutureTask.java:317)
	at java.base/java.util.concurrent.ThreadPoolExecutor.runWorker(ThreadPoolExecutor.java:1144)
	at java.base/java.util.concurrent.ThreadPoolExecutor$Worker.run(ThreadPoolExecutor.java:642)
	at java.base/java.lang.Thread.run(Thread.java:1583)
]]></failure>
    <system-err><![CDATA[Jan 17, 2025 4:21:58 PM org.openqa.selenium.devtools.CdpEndpointFinder getCdpEndPoint
WARNING: Unable to connect to determine websocket url: java.net.ConnectException
Jan 17, 2025 4:21:58 PM org.openqa.selenium.devtools.CdpVersionFinder findNearestMatch
WARNING: Unable to find an exact match for CDP version 131, returning the closest version; found: 129; Please update to a Selenium version that supports CDP version 131
]]></system-err>
  </testcase>
  <testcase name="setup" classname="com.browserstack.tests.AssignmentTests" time="0.0">
    <skipped/>
  </testcase>
  <testcase name="setup" classname="com.browserstack.tests.AssignmentTests" time="0.0">
    <skipped/>
  </testcase>
  <testcase name="setup" classname="com.browserstack.tests.AssignmentTests" time="0.0">
    <skipped/>
  </testcase>
  <testcase name="setup" classname="com.browserstack.tests.AssignmentTests" time="40.015">
    <failure message="class java.util.LinkedHashMap cannot be cast to class org.openqa.selenium.WebElement (java.util.LinkedHashMap is in module java.base of loader &apos;bootstrap&apos;; org.openqa.selenium.WebElement is in unnamed module of loader &apos;app&apos;)" type="java.lang.ClassCastException"><![CDATA[java.lang.ClassCastException: class java.util.LinkedHashMap cannot be cast to class org.openqa.selenium.WebElement (java.util.LinkedHashMap is in module java.base of loader 'bootstrap'; org.openqa.selenium.WebElement is in unnamed module of loader 'app')
	at org.openqa.selenium.remote.ElementLocation$ElementFinder$2.findElement(ElementLocation.java:166)
	at org.openqa.selenium.remote.ElementLocation.findElement(ElementLocation.java:59)
	at org.openqa.selenium.remote.RemoteWebDriver.findElement(RemoteWebDriver.java:368)
	at org.openqa.selenium.remote.RemoteWebDriver.findElement(RemoteWebDriver.java:362)
	at org.openqa.selenium.support.pagefactory.DefaultElementLocator.findElement(DefaultElementLocator.java:68)
	at org.openqa.selenium.support.pagefactory.internal.LocatingElementHandler.invoke(LocatingElementHandler.java:38)
	at jdk.proxy2/jdk.proxy2.$Proxy31.isDisplayed(Unknown Source)
	at org.openqa.selenium.support.ui.ExpectedConditions.elementIfVisible(ExpectedConditions.java:304)
	at org.openqa.selenium.support.ui.ExpectedConditions$10.apply(ExpectedConditions.java:290)
	at org.openqa.selenium.support.ui.ExpectedConditions$10.apply(ExpectedConditions.java:287)
	at org.openqa.selenium.support.ui.ExpectedConditions$23.apply(ExpectedConditions.java:656)
	at org.openqa.selenium.support.ui.ExpectedConditions$23.apply(ExpectedConditions.java:652)
	at org.openqa.selenium.support.ui.FluentWait.until(FluentWait.java:203)
	at com.browserstack.page.HomePage.acceptCookies(HomePage.java:38)
	at com.browserstack.tests.AssignmentTests.setup(AssignmentTests.java:29)
	at java.base/jdk.internal.reflect.DirectMethodHandleAccessor.invoke(DirectMethodHandleAccessor.java:103)
	at java.base/java.lang.reflect.Method.invoke(Method.java:580)
	at org.testng.internal.MethodInvocationHelper.invokeMethod(MethodInvocationHelper.java:108)
	at org.testng.internal.Invoker.invokeConfigurationMethod(Invoker.java:523)
	at org.testng.internal.Invoker.invokeConfigurations(Invoker.java:224)
	at org.testng.internal.Invoker.invokeMethod(Invoker.java:599)
	at org.testng.internal.Invoker.invokeTestMethod(Invoker.java:869)
	at org.testng.internal.Invoker.invokeTestMethods(Invoker.java:1193)
	at org.testng.internal.TestMethodWorker.invokeTestMethods(TestMethodWorker.java:126)
	at org.testng.internal.TestMethodWorker.run(TestMethodWorker.java:109)
	at org.testng.TestRunner.privateRun(TestRunner.java:744)
	at org.testng.TestRunner.run(TestRunner.java:602)
	at org.testng.SuiteRunner.runTest(SuiteRunner.java:380)
	at org.testng.SuiteRunner.access$000(SuiteRunner.java:39)
	at org.testng.SuiteRunner$SuiteWorker.run(SuiteRunner.java:414)
	at org.testng.internal.thread.ThreadUtil$1.call(ThreadUtil.java:52)
	at java.base/java.util.concurrent.FutureTask.run(FutureTask.java:317)
	at java.base/java.util.concurrent.ThreadPoolExecutor.runWorker(ThreadPoolExecutor.java:1144)
	at java.base/java.util.concurrent.ThreadPoolExecutor$Worker.run(ThreadPoolExecutor.java:642)
	at java.base/java.lang.Thread.run(Thread.java:1583)
]]></failure>
  </testcase>
  <testcase name="setup" classname="com.browserstack.tests.AssignmentTests" time="0.0">
    <skipped/>
  </testcase>
  <testcase name="setup" classname="com.browserstack.tests.AssignmentTests" time="0.0">
    <skipped/>
  </testcase>
  <testcase name="printFirstFiveArticleTextsTest" classname="com.browserstack.tests.AssignmentTests" time="0.0">
    <skipped message="class java.util.LinkedHashMap cannot be cast to class org.openqa.selenium.WebElement (java.util.LinkedHashMap is in module java.base of loader &apos;bootstrap&apos;; org.openqa.selenium.WebElement is in unnamed module of loader &apos;app&apos;)"/>
  </testcase>
  <testcase name="printFirstFiveArticleTextsTest" classname="com.browserstack.tests.AssignmentTests" time="0.0">
    <skipped message="class java.util.LinkedHashMap cannot be cast to class org.openqa.selenium.WebElement (java.util.LinkedHashMap is in module java.base of loader &apos;bootstrap&apos;; org.openqa.selenium.WebElement is in unnamed module of loader &apos;app&apos;)"/>
  </testcase>
  <testcase name="printFirstFiveArticleTextsTest" classname="com.browserstack.tests.AssignmentTests" time="7.567">
    <system-err><![CDATA[Jan 17, 2025 4:23:29 PM org.openqa.selenium.devtools.CdpVersionFinder findNearestMatch
WARNING: Unable to find CDP implementation matching 15
Jan 17, 2025 4:23:29 PM org.openqa.selenium.chromium.ChromiumDriver lambda$new$5
WARNING: Unable to find version of CDP to use for 15.6.1. You may need to include a dependency on a specific version of the CDP using something similar to `org.seleniumhq.selenium:selenium-devtools-v86:4.25.0` where the version ("v86") matches the version of the chromium-based browser you're using and the version number of the artifact is the same as Selenium's.
]]></system-err>
  </testcase>
  <testcase name="translateToEnglishAndPrintTest" classname="com.browserstack.tests.AssignmentTests" time="0.0">
    <skipped message="class java.util.LinkedHashMap cannot be cast to class org.openqa.selenium.WebElement (java.util.LinkedHashMap is in module java.base of loader &apos;bootstrap&apos;; org.openqa.selenium.WebElement is in unnamed module of loader &apos;app&apos;)"/>
  </testcase>
  <testcase name="translateToEnglishAndPrintTest" classname="com.browserstack.tests.AssignmentTests" time="0.0">
    <skipped message="class java.util.LinkedHashMap cannot be cast to class org.openqa.selenium.WebElement (java.util.LinkedHashMap is in module java.base of loader &apos;bootstrap&apos;; org.openqa.selenium.WebElement is in unnamed module of loader &apos;app&apos;)"/>
  </testcase>
  <testcase name="translateToEnglishAndPrintTest" classname="com.browserstack.tests.AssignmentTests" time="9.92">
    <system-err><![CDATA[Jan 17, 2025 4:24:02 PM org.openqa.selenium.devtools.CdpVersionFinder findNearestMatch
WARNING: Unable to find CDP implementation matching 15
Jan 17, 2025 4:24:02 PM org.openqa.selenium.chromium.ChromiumDriver lambda$new$5
WARNING: Unable to find version of CDP to use for 15.6.1. You may need to include a dependency on a specific version of the CDP using something similar to `org.seleniumhq.selenium:selenium-devtools-v86:4.25.0` where the version ("v86") matches the version of the chromium-based browser you're using and the version number of the artifact is the same as Selenium's.
Jan 17, 2025 4:25:53 PM browserstack.shaded.okhttp3.internal.platform.Platform log
WARNING: A connection to https://hub-aps.browserstack.com/ was leaked. Did you forget to close a response body? To see where this was allocated, set the OkHttpClient logger level to FINE: Logger.getLogger(OkHttpClient.class.getName()).setLevel(Level.FINE);
Jan 17, 2025 4:25:54 PM browserstack.shaded.okhttp3.internal.platform.Platform log
WARNING: A connection to https://hub-euw.browserstack.com/ was leaked. Did you forget to close a response body? To see where this was allocated, set the OkHttpClient logger level to FINE: Logger.getLogger(OkHttpClient.class.getName()).setLevel(Level.FINE);
Jan 17, 2025 4:25:55 PM browserstack.shaded.okhttp3.internal.platform.Platform log
WARNING: A connection to https://hub-apse.browserstack.com/ was leaked. Did you forget to close a response body? To see where this was allocated, set the OkHttpClient logger level to FINE: Logger.getLogger(OkHttpClient.class.getName()).setLevel(Level.FINE);
]]></system-err>
  </testcase>
  <testcase name="analyzeTranslatedHeaders" classname="com.browserstack.tests.AssignmentTests" time="0.0">
    <skipped message="class java.util.LinkedHashMap cannot be cast to class org.openqa.selenium.WebElement (java.util.LinkedHashMap is in module java.base of loader &apos;bootstrap&apos;; org.openqa.selenium.WebElement is in unnamed module of loader &apos;app&apos;)"/>
  </testcase>
  <testcase name="analyzeTranslatedHeaders" classname="com.browserstack.tests.AssignmentTests" time="0.0">
    <skipped message="class java.util.LinkedHashMap cannot be cast to class org.openqa.selenium.WebElement (java.util.LinkedHashMap is in module java.base of loader &apos;bootstrap&apos;; org.openqa.selenium.WebElement is in unnamed module of loader &apos;app&apos;)"/>
  </testcase>
  <testcase name="analyzeTranslatedHeaders" classname="com.browserstack.tests.AssignmentTests" time="2.754">
    <system-out><![CDATA[Words repeated more than twice:
]]></system-out>
    <system-err><![CDATA[Jan 17, 2025 4:27:23 PM org.openqa.selenium.devtools.CdpVersionFinder findNearestMatch
WARNING: Unable to find CDP implementation matching 15
Jan 17, 2025 4:27:23 PM org.openqa.selenium.chromium.ChromiumDriver lambda$new$5
WARNING: Unable to find version of CDP to use for 15.6.1. You may need to include a dependency on a specific version of the CDP using something similar to `org.seleniumhq.selenium:selenium-devtools-v86:4.25.0` where the version ("v86") matches the version of the chromium-based browser you're using and the version number of the artifact is the same as Selenium's.
]]></system-err>
  </testcase>
</testsuite>